# JRE version: OpenJDK Runtime Environment (11.0.5+10) (build 11.0.5+10-post-Ubuntu-0ubuntu1.118.04)
# Java VM: OpenJDK 64-Bit Server VM (11.0.5+10-post-Ubuntu-0ubuntu1.118.04, mixed mode, sharing, tiered, compressed oops, g1 gc, linux-amd64)
Heap:
 garbage-first heap   total 131072K, used 55105K [0x0000000082200000, 0x0000000100000000)
  region size 1024K, 40 young (40960K), 4 survivors (4096K)
 Metaspace       used 17164K, capacity 17821K, committed 18048K, reserved 1064960K
  class space    used 1888K, capacity 2094K, committed 2176K, reserved 1048576K
GC Heap History (8 events):
Event: 1.864 GC heap before
{Heap before GC invocations=0 (full 0):
 garbage-first heap   total 131072K, used 15032K [0x0000000082200000, 0x0000000100000000)
  region size 1024K, 14 young (14336K), 0 survivors (0K)
 Metaspace       used 3842K, capacity 6897K, committed 7168K, reserved 1056768K
  class space    used 413K, capacity 728K, committed 768K, reserved 1048576K
}
Event: 1.879 GC heap after
{Heap after GC invocations=1 (full 0):
 garbage-first heap   total 131072K, used 3349K [0x0000000082200000, 0x0000000100000000)
  region size 1024K, 2 young (2048K), 2 survivors (2048K)
 Metaspace       used 3842K, capacity 6897K, committed 7168K, reserved 1056768K
  class space    used 413K, capacity 728K, committed 768K, reserved 1048576K
}
Event: 4.426 GC heap before
{Heap before GC invocations=1 (full 0):
 garbage-first heap   total 131072K, used 78101K [0x0000000082200000, 0x0000000100000000)
  region size 1024K, 75 young (76800K), 2 survivors (2048K)
 Metaspace       used 12601K, capacity 14342K, committed 14592K, reserved 1062912K
  class space    used 1491K, capacity 1723K, committed 1792K, reserved 1048576K
}
Event: 4.449 GC heap after
{Heap after GC invocations=2 (full 0):
 garbage-first heap   total 131072K, used 9659K [0x0000000082200000, 0x0000000100000000)
  region size 1024K, 9 young (9216K), 9 survivors (9216K)
 Metaspace       used 12601K, capacity 14342K, committed 14592K, reserved 1062912K
  class space    used 1491K, capacity 1723K, committed 1792K, reserved 1048576K
}
Event: 5.487 GC heap before
{Heap before GC invocations=2 (full 0):
 garbage-first heap   total 131072K, used 77243K [0x0000000082200000, 0x0000000100000000)
  region size 1024K, 75 young (76800K), 9 survivors (9216K)
 Metaspace       used 13074K, capacity 14730K, committed 14848K, reserved 1062912K
  class space    used 1520K, capacity 1766K, committed 1792K, reserved 1048576K
}
Event: 5.524 GC heap after
{Heap after GC invocations=3 (full 0):
 garbage-first heap   total 131072K, used 16256K [0x0000000082200000, 0x0000000100000000)
  region size 1024K, 7 young (7168K), 7 survivors (7168K)
 Metaspace       used 13074K, capacity 14730K, committed 14848K, reserved 1062912K
  class space    used 1520K, capacity 1766K, committed 1792K, reserved 1048576K
}
Event: 7.297 GC heap before
{Heap before GC invocations=3 (full 0):
 garbage-first heap   total 131072K, used 85888K [0x0000000082200000, 0x0000000100000000)
  region size 1024K, 75 young (76800K), 7 survivors (7168K)
 Metaspace       used 15216K, capacity 16777K, committed 16896K, reserved 1064960K
  class space    used 1687K, capacity 1979K, committed 2048K, reserved 1048576K
}
Event: 7.337 GC heap after
{Heap after GC invocations=4 (full 0):
 garbage-first heap   total 131072K, used 19265K [0x0000000082200000, 0x0000000100000000)
  region size 1024K, 4 young (4096K), 4 survivors (4096K)
 Metaspace       used 15216K, capacity 16777K, committed 16896K, reserved 1064960K
  class space    used 1687K, capacity 1979K, committed 2048K, reserved 1048576K
}

